<?xml version="1.0" encoding="UTF-8"?>
<!-- Generated by org.testng.reporters.JUnitXMLReporter -->
<testsuite ignored="0" hostname="LTIN513868" failures="0" tests="10" name="Default test" time="53.685" errors="0" timestamp="2024-02-22T22:05:10 IST">
  <testcase classname="policyBazaar.test.TravelInsuranceTest" name="testTravelInsurance" time="0.492"/>
  <testcase classname="policyBazaar.test.TravelInsuranceTest" name="SelectDestination" time="7.584"/>
  <testcase classname="policyBazaar.test.TravelInsuranceTest" name="SelectDate" time="4.255"/>
  <testcase classname="policyBazaar.test.TravelInsuranceTest" name="ViewPlan" time="3.548"/>
  <testcase classname="policyBazaar.test.TravelInsuranceTest" name="SelectingStudentTrip" time="9.681"/>
  <testcase classname="policyBazaar.test.TravelInsuranceTest" name="InsuranceData" time="3.458"/>
  <testcase classname="policyBazaar.test.TravelInsuranceTest" name="SwitchChild" time="0.01"/>
  <testcase classname="policyBazaar.test.TravelInsuranceTest" name="CarInsurance" time="7.002"/>
  <testcase classname="policyBazaar.test.TravelInsuranceTest" name="fillingForm" time="1.615"/>
  <testcase classname="policyBazaar.test.TravelInsuranceTest" name="HealthInsurance" time="0.489"/>
</testsuite> <!-- Default test -->
