<?xml version="1.0" encoding="UTF-8"?>
<!-- Generated by org.testng.reporters.JUnitXMLReporter -->
<testsuite ignored="0" hostname="LTIN513868" failures="0" tests="10" name="Sanity Tests" time="75.343" errors="0" timestamp="2024-02-24T17:14:10 IST">
  <testcase classname="policyBazaar.test.TravelInsuranceTest" name="testTravelInsurance" time="0.632"/>
  <testcase classname="policyBazaar.test.TravelInsuranceTest" name="SelectDestination" time="3.477"/>
  <testcase classname="policyBazaar.test.TravelInsuranceTest" name="SelectDate" time="5.028"/>
  <testcase classname="policyBazaar.test.TravelInsuranceTest" name="ViewPlan" time="4.218"/>
  <testcase classname="policyBazaar.test.TravelInsuranceTest" name="SelectingStudentTrip" time="11.207"/>
  <testcase classname="policyBazaar.test.TravelInsuranceTest" name="InsuranceData" time="3.545"/>
  <testcase classname="policyBazaar.test.TravelInsuranceTest" name="SwitchChild" time="0.013"/>
  <testcase classname="policyBazaar.test.TravelInsuranceTest" name="CarInsurance" time="7.207"/>
  <testcase classname="policyBazaar.test.TravelInsuranceTest" name="fillingForm" time="2.078"/>
  <testcase classname="policyBazaar.test.TravelInsuranceTest" name="HealthInsurance" time="0.655"/>
</testsuite> <!-- Sanity Tests -->
