<?xml version="1.0" encoding="UTF-8"?>
<testng-results ignored="0" total="10" passed="10" failed="0" skipped="0">
  <reporter-output>
  </reporter-output>
  <suite started-at="2024-02-24T17:12:55 IST" name="Sanity Suite" finished-at="2024-02-24T17:14:10 IST" duration-ms="75343">
    <groups>
      <group name="sanity">
        <method signature="TravelInsuranceTest.SelectDate()[pri:3, instance:policyBazaar.test.TravelInsuranceTest@434a63ab]" name="SelectDate" class="policyBazaar.test.TravelInsuranceTest"/>
        <method signature="TravelInsuranceTest.SelectDestination()[pri:2, instance:policyBazaar.test.TravelInsuranceTest@434a63ab]" name="SelectDestination" class="policyBazaar.test.TravelInsuranceTest"/>
        <method signature="TravelInsuranceTest.testTravelInsurance()[pri:1, instance:policyBazaar.test.TravelInsuranceTest@434a63ab]" name="testTravelInsurance" class="policyBazaar.test.TravelInsuranceTest"/>
      </group> <!-- sanity -->
    </groups>
    <test started-at="2024-02-24T17:12:55 IST" name="Sanity Tests" finished-at="2024-02-24T17:14:10 IST" duration-ms="75343">
      <class name="policyBazaar.test.TravelInsuranceTest">
        <test-method is-config="true" signature="setUp()[pri:0, instance:policyBazaar.test.TravelInsuranceTest@434a63ab]" started-at="2024-02-24T17:12:55 IST" name="setUp" finished-at="2024-02-24T17:13:26 IST" duration-ms="31204" status="PASS">
          <reporter-output>
          </reporter-output>
        </test-method> <!-- setUp -->
        <test-method signature="testTravelInsurance()[pri:1, instance:policyBazaar.test.TravelInsuranceTest@434a63ab]" started-at="2024-02-24T17:13:26 IST" name="testTravelInsurance" finished-at="2024-02-24T17:13:27 IST" duration-ms="632" status="PASS">
          <reporter-output>
          </reporter-output>
        </test-method> <!-- testTravelInsurance -->
        <test-method is-config="true" signature="afterMethod(org.testng.ITestResult)[pri:0, instance:policyBazaar.test.TravelInsuranceTest@434a63ab]" started-at="2024-02-24T17:13:27 IST" name="afterMethod" finished-at="2024-02-24T17:13:29 IST" duration-ms="2072" status="PASS">
          <params>
            <param index="0">
              <value>
                <![CDATA[[TestResult name=testTravelInsurance status=SUCCESS method=TravelInsuranceTest.testTravelInsurance()[pri:1, instance:policyBazaar.test.TravelInsuranceTest@434a63ab] output={null}]]]>
              </value>
            </param>
          </params>
          <reporter-output>
          </reporter-output>
        </test-method> <!-- afterMethod -->
        <test-method signature="SelectDestination()[pri:2, instance:policyBazaar.test.TravelInsuranceTest@434a63ab]" started-at="2024-02-24T17:13:29 IST" name="SelectDestination" finished-at="2024-02-24T17:13:32 IST" duration-ms="3477" status="PASS">
          <reporter-output>
          </reporter-output>
        </test-method> <!-- SelectDestination -->
        <test-method is-config="true" signature="afterMethod(org.testng.ITestResult)[pri:0, instance:policyBazaar.test.TravelInsuranceTest@434a63ab]" started-at="2024-02-24T17:13:32 IST" name="afterMethod" finished-at="2024-02-24T17:13:33 IST" duration-ms="307" status="PASS">
          <params>
            <param index="0">
              <value>
                <![CDATA[[TestResult name=SelectDestination status=SUCCESS method=TravelInsuranceTest.SelectDestination()[pri:2, instance:policyBazaar.test.TravelInsuranceTest@434a63ab] output={null}]]]>
              </value>
            </param>
          </params>
          <reporter-output>
          </reporter-output>
        </test-method> <!-- afterMethod -->
        <test-method signature="SelectDate()[pri:3, instance:policyBazaar.test.TravelInsuranceTest@434a63ab]" started-at="2024-02-24T17:13:33 IST" name="SelectDate" finished-at="2024-02-24T17:13:38 IST" duration-ms="5028" status="PASS">
          <reporter-output>
          </reporter-output>
        </test-method> <!-- SelectDate -->
        <test-method is-config="true" signature="afterMethod(org.testng.ITestResult)[pri:0, instance:policyBazaar.test.TravelInsuranceTest@434a63ab]" started-at="2024-02-24T17:13:38 IST" name="afterMethod" finished-at="2024-02-24T17:13:38 IST" duration-ms="264" status="PASS">
          <params>
            <param index="0">
              <value>
                <![CDATA[[TestResult name=SelectDate status=SUCCESS method=TravelInsuranceTest.SelectDate()[pri:3, instance:policyBazaar.test.TravelInsuranceTest@434a63ab] output={null}]]]>
              </value>
            </param>
          </params>
          <reporter-output>
          </reporter-output>
        </test-method> <!-- afterMethod -->
        <test-method signature="ViewPlan()[pri:4, instance:policyBazaar.test.TravelInsuranceTest@434a63ab]" started-at="2024-02-24T17:13:38 IST" name="ViewPlan" finished-at="2024-02-24T17:13:42 IST" duration-ms="4218" status="PASS">
          <reporter-output>
          </reporter-output>
        </test-method> <!-- ViewPlan -->
        <test-method is-config="true" signature="afterMethod(org.testng.ITestResult)[pri:0, instance:policyBazaar.test.TravelInsuranceTest@434a63ab]" started-at="2024-02-24T17:13:42 IST" name="afterMethod" finished-at="2024-02-24T17:13:43 IST" duration-ms="255" status="PASS">
          <params>
            <param index="0">
              <value>
                <![CDATA[[TestResult name=ViewPlan status=SUCCESS method=TravelInsuranceTest.ViewPlan()[pri:4, instance:policyBazaar.test.TravelInsuranceTest@434a63ab] output={null}]]]>
              </value>
            </param>
          </params>
          <reporter-output>
          </reporter-output>
        </test-method> <!-- afterMethod -->
        <test-method signature="SelectingStudentTrip()[pri:5, instance:policyBazaar.test.TravelInsuranceTest@434a63ab]" started-at="2024-02-24T17:13:43 IST" name="SelectingStudentTrip" finished-at="2024-02-24T17:13:54 IST" duration-ms="11207" status="PASS">
          <reporter-output>
          </reporter-output>
        </test-method> <!-- SelectingStudentTrip -->
        <test-method is-config="true" signature="afterMethod(org.testng.ITestResult)[pri:0, instance:policyBazaar.test.TravelInsuranceTest@434a63ab]" started-at="2024-02-24T17:13:54 IST" name="afterMethod" finished-at="2024-02-24T17:13:54 IST" duration-ms="234" status="PASS">
          <params>
            <param index="0">
              <value>
                <![CDATA[[TestResult name=SelectingStudentTrip status=SUCCESS method=TravelInsuranceTest.SelectingStudentTrip()[pri:5, instance:policyBazaar.test.TravelInsuranceTest@434a63ab] output={null}]]]>
              </value>
            </param>
          </params>
          <reporter-output>
          </reporter-output>
        </test-method> <!-- afterMethod -->
        <test-method signature="InsuranceData()[pri:6, instance:policyBazaar.test.TravelInsuranceTest@434a63ab]" started-at="2024-02-24T17:13:54 IST" name="InsuranceData" finished-at="2024-02-24T17:13:57 IST" duration-ms="3545" status="PASS">
          <reporter-output>
          </reporter-output>
        </test-method> <!-- InsuranceData -->
        <test-method is-config="true" signature="afterMethod(org.testng.ITestResult)[pri:0, instance:policyBazaar.test.TravelInsuranceTest@434a63ab]" started-at="2024-02-24T17:13:58 IST" name="afterMethod" finished-at="2024-02-24T17:13:58 IST" duration-ms="465" status="PASS">
          <params>
            <param index="0">
              <value>
                <![CDATA[[TestResult name=InsuranceData status=SUCCESS method=TravelInsuranceTest.InsuranceData()[pri:6, instance:policyBazaar.test.TravelInsuranceTest@434a63ab] output={null}]]]>
              </value>
            </param>
          </params>
          <reporter-output>
          </reporter-output>
        </test-method> <!-- afterMethod -->
        <test-method signature="SwitchChild()[pri:7, instance:policyBazaar.test.TravelInsuranceTest@434a63ab]" started-at="2024-02-24T17:13:58 IST" name="SwitchChild" finished-at="2024-02-24T17:13:58 IST" duration-ms="13" status="PASS">
          <reporter-output>
          </reporter-output>
        </test-method> <!-- SwitchChild -->
        <test-method is-config="true" signature="afterMethod(org.testng.ITestResult)[pri:0, instance:policyBazaar.test.TravelInsuranceTest@434a63ab]" started-at="2024-02-24T17:13:58 IST" name="afterMethod" finished-at="2024-02-24T17:13:58 IST" duration-ms="315" status="PASS">
          <params>
            <param index="0">
              <value>
                <![CDATA[[TestResult name=SwitchChild status=SUCCESS method=TravelInsuranceTest.SwitchChild()[pri:7, instance:policyBazaar.test.TravelInsuranceTest@434a63ab] output={null}]]]>
              </value>
            </param>
          </params>
          <reporter-output>
          </reporter-output>
        </test-method> <!-- afterMethod -->
        <test-method signature="CarInsurance()[pri:8, instance:policyBazaar.test.TravelInsuranceTest@434a63ab]" started-at="2024-02-24T17:13:58 IST" name="CarInsurance" finished-at="2024-02-24T17:14:06 IST" duration-ms="7207" status="PASS">
          <reporter-output>
          </reporter-output>
        </test-method> <!-- CarInsurance -->
        <test-method is-config="true" signature="afterMethod(org.testng.ITestResult)[pri:0, instance:policyBazaar.test.TravelInsuranceTest@434a63ab]" started-at="2024-02-24T17:14:06 IST" name="afterMethod" finished-at="2024-02-24T17:14:06 IST" duration-ms="249" status="PASS">
          <params>
            <param index="0">
              <value>
                <![CDATA[[TestResult name=CarInsurance status=SUCCESS method=TravelInsuranceTest.CarInsurance()[pri:8, instance:policyBazaar.test.TravelInsuranceTest@434a63ab] output={null}]]]>
              </value>
            </param>
          </params>
          <reporter-output>
          </reporter-output>
        </test-method> <!-- afterMethod -->
        <test-method signature="fillingForm()[pri:9, instance:policyBazaar.test.TravelInsuranceTest@434a63ab]" started-at="2024-02-24T17:14:06 IST" name="fillingForm" finished-at="2024-02-24T17:14:08 IST" duration-ms="2078" status="PASS">
          <reporter-output>
          </reporter-output>
        </test-method> <!-- fillingForm -->
        <test-method is-config="true" signature="afterMethod(org.testng.ITestResult)[pri:0, instance:policyBazaar.test.TravelInsuranceTest@434a63ab]" started-at="2024-02-24T17:14:08 IST" name="afterMethod" finished-at="2024-02-24T17:14:08 IST" duration-ms="474" status="PASS">
          <params>
            <param index="0">
              <value>
                <![CDATA[[TestResult name=fillingForm status=SUCCESS method=TravelInsuranceTest.fillingForm()[pri:9, instance:policyBazaar.test.TravelInsuranceTest@434a63ab] output={null}]]]>
              </value>
            </param>
          </params>
          <reporter-output>
          </reporter-output>
        </test-method> <!-- afterMethod -->
        <test-method signature="HealthInsurance()[pri:10, instance:policyBazaar.test.TravelInsuranceTest@434a63ab]" started-at="2024-02-24T17:14:08 IST" name="HealthInsurance" finished-at="2024-02-24T17:14:09 IST" duration-ms="655" status="PASS">
          <reporter-output>
          </reporter-output>
        </test-method> <!-- HealthInsurance -->
        <test-method is-config="true" signature="afterMethod(org.testng.ITestResult)[pri:0, instance:policyBazaar.test.TravelInsuranceTest@434a63ab]" started-at="2024-02-24T17:14:09 IST" name="afterMethod" finished-at="2024-02-24T17:14:09 IST" duration-ms="171" status="PASS">
          <params>
            <param index="0">
              <value>
                <![CDATA[[TestResult name=HealthInsurance status=SUCCESS method=TravelInsuranceTest.HealthInsurance()[pri:10, instance:policyBazaar.test.TravelInsuranceTest@434a63ab] output={null}]]]>
              </value>
            </param>
          </params>
          <reporter-output>
          </reporter-output>
        </test-method> <!-- afterMethod -->
        <test-method is-config="true" signature="tearDown()[pri:0, instance:policyBazaar.test.TravelInsuranceTest@434a63ab]" started-at="2024-02-24T17:14:09 IST" name="tearDown" finished-at="2024-02-24T17:14:10 IST" duration-ms="1173" status="PASS">
          <reporter-output>
          </reporter-output>
        </test-method> <!-- tearDown -->
      </class> <!-- policyBazaar.test.TravelInsuranceTest -->
    </test> <!-- Sanity Tests -->
  </suite> <!-- Sanity Suite -->
</testng-results>
