<?xml version="1.0" encoding="UTF-8"?>
<testng-results ignored="0" total="10" passed="10" failed="0" skipped="0">
  <reporter-output>
  </reporter-output>
  <suite started-at="2024-02-22T22:04:17 IST" name="Default suite" finished-at="2024-02-22T22:05:10 IST" duration-ms="53685">
    <groups>
    </groups>
    <test started-at="2024-02-22T22:04:17 IST" name="Default test" finished-at="2024-02-22T22:05:10 IST" duration-ms="53685">
      <class name="policyBazaar.test.TravelInsuranceTest">
        <test-method is-config="true" signature="setUp()[pri:0, instance:policyBazaar.test.TravelInsuranceTest@6e0f5f7f]" started-at="2024-02-22T22:04:17 IST" name="setUp" finished-at="2024-02-22T22:04:29 IST" duration-ms="12347" status="PASS">
          <reporter-output>
          </reporter-output>
        </test-method> <!-- setUp -->
        <test-method signature="testTravelInsurance()[pri:1, instance:policyBazaar.test.TravelInsuranceTest@6e0f5f7f]" started-at="2024-02-22T22:04:29 IST" name="testTravelInsurance" finished-at="2024-02-22T22:04:29 IST" duration-ms="492" status="PASS">
          <reporter-output>
          </reporter-output>
        </test-method> <!-- testTravelInsurance -->
        <test-method is-config="true" signature="afterMethod(org.testng.ITestResult)[pri:0, instance:policyBazaar.test.TravelInsuranceTest@6e0f5f7f]" started-at="2024-02-22T22:04:29 IST" name="afterMethod" finished-at="2024-02-22T22:04:30 IST" duration-ms="168" status="PASS">
          <params>
            <param index="0">
              <value>
                <![CDATA[[TestResult name=testTravelInsurance status=SUCCESS method=TravelInsuranceTest.testTravelInsurance()[pri:1, instance:policyBazaar.test.TravelInsuranceTest@6e0f5f7f] output={null}]]]>
              </value>
            </param>
          </params>
          <reporter-output>
          </reporter-output>
        </test-method> <!-- afterMethod -->
        <test-method signature="SelectDestination()[pri:2, instance:policyBazaar.test.TravelInsuranceTest@6e0f5f7f]" started-at="2024-02-22T22:04:30 IST" name="SelectDestination" finished-at="2024-02-22T22:04:37 IST" duration-ms="7584" status="PASS">
          <reporter-output>
          </reporter-output>
        </test-method> <!-- SelectDestination -->
        <test-method is-config="true" signature="afterMethod(org.testng.ITestResult)[pri:0, instance:policyBazaar.test.TravelInsuranceTest@6e0f5f7f]" started-at="2024-02-22T22:04:37 IST" name="afterMethod" finished-at="2024-02-22T22:04:37 IST" duration-ms="253" status="PASS">
          <params>
            <param index="0">
              <value>
                <![CDATA[[TestResult name=SelectDestination status=SUCCESS method=TravelInsuranceTest.SelectDestination()[pri:2, instance:policyBazaar.test.TravelInsuranceTest@6e0f5f7f] output={null}]]]>
              </value>
            </param>
          </params>
          <reporter-output>
          </reporter-output>
        </test-method> <!-- afterMethod -->
        <test-method signature="SelectDate()[pri:3, instance:policyBazaar.test.TravelInsuranceTest@6e0f5f7f]" started-at="2024-02-22T22:04:37 IST" name="SelectDate" finished-at="2024-02-22T22:04:42 IST" duration-ms="4255" status="PASS">
          <reporter-output>
          </reporter-output>
        </test-method> <!-- SelectDate -->
        <test-method is-config="true" signature="afterMethod(org.testng.ITestResult)[pri:0, instance:policyBazaar.test.TravelInsuranceTest@6e0f5f7f]" started-at="2024-02-22T22:04:42 IST" name="afterMethod" finished-at="2024-02-22T22:04:42 IST" duration-ms="226" status="PASS">
          <params>
            <param index="0">
              <value>
                <![CDATA[[TestResult name=SelectDate status=SUCCESS method=TravelInsuranceTest.SelectDate()[pri:3, instance:policyBazaar.test.TravelInsuranceTest@6e0f5f7f] output={null}]]]>
              </value>
            </param>
          </params>
          <reporter-output>
          </reporter-output>
        </test-method> <!-- afterMethod -->
        <test-method signature="ViewPlan()[pri:4, instance:policyBazaar.test.TravelInsuranceTest@6e0f5f7f]" started-at="2024-02-22T22:04:42 IST" name="ViewPlan" finished-at="2024-02-22T22:04:45 IST" duration-ms="3548" status="PASS">
          <reporter-output>
          </reporter-output>
        </test-method> <!-- ViewPlan -->
        <test-method is-config="true" signature="afterMethod(org.testng.ITestResult)[pri:0, instance:policyBazaar.test.TravelInsuranceTest@6e0f5f7f]" started-at="2024-02-22T22:04:45 IST" name="afterMethod" finished-at="2024-02-22T22:04:46 IST" duration-ms="274" status="PASS">
          <params>
            <param index="0">
              <value>
                <![CDATA[[TestResult name=ViewPlan status=SUCCESS method=TravelInsuranceTest.ViewPlan()[pri:4, instance:policyBazaar.test.TravelInsuranceTest@6e0f5f7f] output={null}]]]>
              </value>
            </param>
          </params>
          <reporter-output>
          </reporter-output>
        </test-method> <!-- afterMethod -->
        <test-method signature="SelectingStudentTrip()[pri:5, instance:policyBazaar.test.TravelInsuranceTest@6e0f5f7f]" started-at="2024-02-22T22:04:46 IST" name="SelectingStudentTrip" finished-at="2024-02-22T22:04:55 IST" duration-ms="9681" status="PASS">
          <reporter-output>
          </reporter-output>
        </test-method> <!-- SelectingStudentTrip -->
        <test-method is-config="true" signature="afterMethod(org.testng.ITestResult)[pri:0, instance:policyBazaar.test.TravelInsuranceTest@6e0f5f7f]" started-at="2024-02-22T22:04:55 IST" name="afterMethod" finished-at="2024-02-22T22:04:56 IST" duration-ms="258" status="PASS">
          <params>
            <param index="0">
              <value>
                <![CDATA[[TestResult name=SelectingStudentTrip status=SUCCESS method=TravelInsuranceTest.SelectingStudentTrip()[pri:5, instance:policyBazaar.test.TravelInsuranceTest@6e0f5f7f] output={null}]]]>
              </value>
            </param>
          </params>
          <reporter-output>
          </reporter-output>
        </test-method> <!-- afterMethod -->
        <test-method signature="InsuranceData()[pri:6, instance:policyBazaar.test.TravelInsuranceTest@6e0f5f7f]" started-at="2024-02-22T22:04:56 IST" name="InsuranceData" finished-at="2024-02-22T22:04:59 IST" duration-ms="3458" status="PASS">
          <reporter-output>
          </reporter-output>
        </test-method> <!-- InsuranceData -->
        <test-method is-config="true" signature="afterMethod(org.testng.ITestResult)[pri:0, instance:policyBazaar.test.TravelInsuranceTest@6e0f5f7f]" started-at="2024-02-22T22:04:59 IST" name="afterMethod" finished-at="2024-02-22T22:05:00 IST" duration-ms="448" status="PASS">
          <params>
            <param index="0">
              <value>
                <![CDATA[[TestResult name=InsuranceData status=SUCCESS method=TravelInsuranceTest.InsuranceData()[pri:6, instance:policyBazaar.test.TravelInsuranceTest@6e0f5f7f] output={null}]]]>
              </value>
            </param>
          </params>
          <reporter-output>
          </reporter-output>
        </test-method> <!-- afterMethod -->
        <test-method signature="SwitchChild()[pri:7, instance:policyBazaar.test.TravelInsuranceTest@6e0f5f7f]" started-at="2024-02-22T22:05:00 IST" name="SwitchChild" finished-at="2024-02-22T22:05:00 IST" duration-ms="10" status="PASS">
          <reporter-output>
          </reporter-output>
        </test-method> <!-- SwitchChild -->
        <test-method is-config="true" signature="afterMethod(org.testng.ITestResult)[pri:0, instance:policyBazaar.test.TravelInsuranceTest@6e0f5f7f]" started-at="2024-02-22T22:05:00 IST" name="afterMethod" finished-at="2024-02-22T22:05:00 IST" duration-ms="219" status="PASS">
          <params>
            <param index="0">
              <value>
                <![CDATA[[TestResult name=SwitchChild status=SUCCESS method=TravelInsuranceTest.SwitchChild()[pri:7, instance:policyBazaar.test.TravelInsuranceTest@6e0f5f7f] output={null}]]]>
              </value>
            </param>
          </params>
          <reporter-output>
          </reporter-output>
        </test-method> <!-- afterMethod -->
        <test-method signature="CarInsurance()[pri:8, instance:policyBazaar.test.TravelInsuranceTest@6e0f5f7f]" started-at="2024-02-22T22:05:00 IST" name="CarInsurance" finished-at="2024-02-22T22:05:07 IST" duration-ms="7002" status="PASS">
          <reporter-output>
          </reporter-output>
        </test-method> <!-- CarInsurance -->
        <test-method is-config="true" signature="afterMethod(org.testng.ITestResult)[pri:0, instance:policyBazaar.test.TravelInsuranceTest@6e0f5f7f]" started-at="2024-02-22T22:05:07 IST" name="afterMethod" finished-at="2024-02-22T22:05:07 IST" duration-ms="280" status="PASS">
          <params>
            <param index="0">
              <value>
                <![CDATA[[TestResult name=CarInsurance status=SUCCESS method=TravelInsuranceTest.CarInsurance()[pri:8, instance:policyBazaar.test.TravelInsuranceTest@6e0f5f7f] output={null}]]]>
              </value>
            </param>
          </params>
          <reporter-output>
          </reporter-output>
        </test-method> <!-- afterMethod -->
        <test-method signature="fillingForm()[pri:9, instance:policyBazaar.test.TravelInsuranceTest@6e0f5f7f]" started-at="2024-02-22T22:05:07 IST" name="fillingForm" finished-at="2024-02-22T22:05:09 IST" duration-ms="1615" status="PASS">
          <reporter-output>
          </reporter-output>
        </test-method> <!-- fillingForm -->
        <test-method is-config="true" signature="afterMethod(org.testng.ITestResult)[pri:0, instance:policyBazaar.test.TravelInsuranceTest@6e0f5f7f]" started-at="2024-02-22T22:05:09 IST" name="afterMethod" finished-at="2024-02-22T22:05:09 IST" duration-ms="414" status="PASS">
          <params>
            <param index="0">
              <value>
                <![CDATA[[TestResult name=fillingForm status=SUCCESS method=TravelInsuranceTest.fillingForm()[pri:9, instance:policyBazaar.test.TravelInsuranceTest@6e0f5f7f] output={null}]]]>
              </value>
            </param>
          </params>
          <reporter-output>
          </reporter-output>
        </test-method> <!-- afterMethod -->
        <test-method signature="HealthInsurance()[pri:10, instance:policyBazaar.test.TravelInsuranceTest@6e0f5f7f]" started-at="2024-02-22T22:05:09 IST" name="HealthInsurance" finished-at="2024-02-22T22:05:10 IST" duration-ms="489" status="PASS">
          <reporter-output>
          </reporter-output>
        </test-method> <!-- HealthInsurance -->
        <test-method is-config="true" signature="afterMethod(org.testng.ITestResult)[pri:0, instance:policyBazaar.test.TravelInsuranceTest@6e0f5f7f]" started-at="2024-02-22T22:05:10 IST" name="afterMethod" finished-at="2024-02-22T22:05:10 IST" duration-ms="158" status="PASS">
          <params>
            <param index="0">
              <value>
                <![CDATA[[TestResult name=HealthInsurance status=SUCCESS method=TravelInsuranceTest.HealthInsurance()[pri:10, instance:policyBazaar.test.TravelInsuranceTest@6e0f5f7f] output={null}]]]>
              </value>
            </param>
          </params>
          <reporter-output>
          </reporter-output>
        </test-method> <!-- afterMethod -->
        <test-method is-config="true" signature="tearDown()[pri:0, instance:policyBazaar.test.TravelInsuranceTest@6e0f5f7f]" started-at="2024-02-22T22:05:10 IST" name="tearDown" finished-at="2024-02-22T22:05:10 IST" duration-ms="417" status="PASS">
          <reporter-output>
          </reporter-output>
        </test-method> <!-- tearDown -->
      </class> <!-- policyBazaar.test.TravelInsuranceTest -->
    </test> <!-- Default test -->
  </suite> <!-- Default suite -->
</testng-results>
